
2021-09-10 12:58:51 Apache Commons Daemon procrun stderr initialized.
10-Sep-2021 12:58:54.481 INFO [main] org.apache.catalina.startup.VersionLoggerListener.log Server version name:   Apache Tomcat/9.0.52
10-Sep-2021 12:58:54.509 INFO [main] org.apache.catalina.startup.VersionLoggerListener.log Server built:          Jul 31 2021 04:12:17 UTC
10-Sep-2021 12:58:54.510 INFO [main] org.apache.catalina.startup.VersionLoggerListener.log Server version number: 9.0.52.0
10-Sep-2021 12:58:54.510 INFO [main] org.apache.catalina.startup.VersionLoggerListener.log OS Name:               Windows 10
10-Sep-2021 12:58:54.510 INFO [main] org.apache.catalina.startup.VersionLoggerListener.log OS Version:            10.0
10-Sep-2021 12:58:54.511 INFO [main] org.apache.catalina.startup.VersionLoggerListener.log Architecture:          amd64
10-Sep-2021 12:58:54.511 INFO [main] org.apache.catalina.startup.VersionLoggerListener.log Java Home:             C:\Program Files\Java\jre1.8.0_92
10-Sep-2021 12:58:54.511 INFO [main] org.apache.catalina.startup.VersionLoggerListener.log JVM Version:           1.8.0_92-b14
10-Sep-2021 12:58:54.511 INFO [main] org.apache.catalina.startup.VersionLoggerListener.log JVM Vendor:            Oracle Corporation
10-Sep-2021 12:58:54.511 INFO [main] org.apache.catalina.startup.VersionLoggerListener.log CATALINA_BASE:         C:\Program Files\Apache Software Foundation\Tomcat 9.0
10-Sep-2021 12:58:54.511 INFO [main] org.apache.catalina.startup.VersionLoggerListener.log CATALINA_HOME:         C:\Program Files\Apache Software Foundation\Tomcat 9.0
10-Sep-2021 12:58:54.540 INFO [main] org.apache.catalina.startup.VersionLoggerListener.log Command line argument: -Dcatalina.home=C:\Program Files\Apache Software Foundation\Tomcat 9.0
10-Sep-2021 12:58:54.541 INFO [main] org.apache.catalina.startup.VersionLoggerListener.log Command line argument: -Dcatalina.base=C:\Program Files\Apache Software Foundation\Tomcat 9.0
10-Sep-2021 12:58:54.541 INFO [main] org.apache.catalina.startup.VersionLoggerListener.log Command line argument: -Djava.io.tmpdir=C:\Program Files\Apache Software Foundation\Tomcat 9.0\temp
10-Sep-2021 12:58:54.541 INFO [main] org.apache.catalina.startup.VersionLoggerListener.log Command line argument: -Djava.util.logging.manager=org.apache.juli.ClassLoaderLogManager
10-Sep-2021 12:58:54.541 INFO [main] org.apache.catalina.startup.VersionLoggerListener.log Command line argument: -Djava.util.logging.config.file=C:\Program Files\Apache Software Foundation\Tomcat 9.0\conf\logging.properties
10-Sep-2021 12:58:54.541 INFO [main] org.apache.catalina.startup.VersionLoggerListener.log Command line argument: exit
10-Sep-2021 12:58:54.542 INFO [main] org.apache.catalina.startup.VersionLoggerListener.log Command line argument: abort
10-Sep-2021 12:58:54.542 INFO [main] org.apache.catalina.startup.VersionLoggerListener.log Command line argument: -Xms128m
10-Sep-2021 12:58:54.542 INFO [main] org.apache.catalina.startup.VersionLoggerListener.log Command line argument: -Xmx256m
10-Sep-2021 12:58:54.557 INFO [main] org.apache.catalina.core.AprLifecycleListener.lifecycleEvent The Apache Tomcat Native library which allows using OpenSSL was not found on the java.library.path: [C:\Program Files\Apache Software Foundation\Tomcat 9.0\bin;C:\WINDOWS\Sun\Java\bin;C:\WINDOWS\system32;C:\WINDOWS;C:\Program Files\Java\jre1.8.0_92\bin;E:\OracleDB\bin;C:\Users\bypt-dev-laptop-9\Downloads\OracleDB\bin;C:\Program Files (x86)\Common Files\Oracle\Java\javapath;C:\Python27\;C:\Python27\Scripts;C:\WINDOWS\system32;C:\WINDOWS;C:\WINDOWS\System32\Wbem;C:\WINDOWS\System32\WindowsPowerShell\v1.0\;C:\WINDOWS\System32\OpenSSH\;C:\ProgramData\chocolatey\bin;C:\Program Files\Git\cmd;C:\Program Files\nodejs\;C:\Program Files\Java\jdk1.8.0_92\bin;"C:\Program Files\Java\jdk1.8.0_92\bin;";C:\WINDOWS\ServiceProfiles\LocalService\AppData\Local\Microsoft\WindowsApps;.]
10-Sep-2021 12:58:56.003 INFO [main] org.apache.coyote.AbstractProtocol.init Initializing ProtocolHandler ["http-nio-8080"]
10-Sep-2021 12:58:56.100 INFO [main] org.apache.catalina.startup.Catalina.load Server initialization in [2045] milliseconds
10-Sep-2021 12:58:56.185 INFO [main] org.apache.catalina.core.StandardService.startInternal Starting service [Catalina]
10-Sep-2021 12:58:56.185 INFO [main] org.apache.catalina.core.StandardEngine.startInternal Starting Servlet engine: [Apache Tomcat/9.0.52]
10-Sep-2021 12:58:56.204 INFO [main] org.apache.catalina.startup.HostConfig.deployDirectory Deploying web application directory [C:\Program Files\Apache Software Foundation\Tomcat 9.0\webapps\docs]
10-Sep-2021 12:58:57.033 WARNING [main] org.apache.catalina.util.SessionIdGeneratorBase.createSecureRandom Creation of SecureRandom instance for session ID generation using [SHA1PRNG] took [314] milliseconds.
10-Sep-2021 12:58:57.072 INFO [main] org.apache.catalina.startup.HostConfig.deployDirectory Deployment of web application directory [C:\Program Files\Apache Software Foundation\Tomcat 9.0\webapps\docs] has finished in [867] ms
10-Sep-2021 12:58:57.072 INFO [main] org.apache.catalina.startup.HostConfig.deployDirectory Deploying web application directory [C:\Program Files\Apache Software Foundation\Tomcat 9.0\webapps\examples]
10-Sep-2021 12:58:58.779 INFO [main] org.apache.catalina.startup.HostConfig.deployDirectory Deployment of web application directory [C:\Program Files\Apache Software Foundation\Tomcat 9.0\webapps\examples] has finished in [1,706] ms
10-Sep-2021 12:58:58.780 INFO [main] org.apache.catalina.startup.HostConfig.deployDirectory Deploying web application directory [C:\Program Files\Apache Software Foundation\Tomcat 9.0\webapps\host-manager]
10-Sep-2021 12:58:58.855 INFO [main] org.apache.catalina.startup.HostConfig.deployDirectory Deployment of web application directory [C:\Program Files\Apache Software Foundation\Tomcat 9.0\webapps\host-manager] has finished in [76] ms
10-Sep-2021 12:58:58.855 INFO [main] org.apache.catalina.startup.HostConfig.deployDirectory Deploying web application directory [C:\Program Files\Apache Software Foundation\Tomcat 9.0\webapps\manager]
10-Sep-2021 12:58:58.904 INFO [main] org.apache.catalina.startup.HostConfig.deployDirectory Deployment of web application directory [C:\Program Files\Apache Software Foundation\Tomcat 9.0\webapps\manager] has finished in [49] ms
10-Sep-2021 12:58:58.904 INFO [main] org.apache.catalina.startup.HostConfig.deployDirectory Deploying web application directory [C:\Program Files\Apache Software Foundation\Tomcat 9.0\webapps\ROOT]
10-Sep-2021 12:58:58.953 INFO [main] org.apache.catalina.startup.HostConfig.deployDirectory Deployment of web application directory [C:\Program Files\Apache Software Foundation\Tomcat 9.0\webapps\ROOT] has finished in [49] ms
10-Sep-2021 12:58:58.958 INFO [main] org.apache.coyote.AbstractProtocol.start Starting ProtocolHandler ["http-nio-8080"]
10-Sep-2021 12:58:58.986 INFO [main] org.apache.catalina.startup.Catalina.start Server startup in [2885] milliseconds
